[+] Containers:
 |- [+] Container: /Game/FirstPerson/Maps/FirstPersonMap
 |   |- [+] ActorDescs:
 |   |   |- Guid:0184B0834BECACC5F9DCEB88BF03F557 BaseClass: NativeClass:/Script/Engine.StaticMeshActor Name:StaticMeshActor_UAID_ACED5C98F2A020B701_1776823041 Label:CubeGridToolOutput_22C99171 SpatiallyLoaded:1 Bounds:IsValid=true, Min=(X=-2218.607 Y=2600.863 Z=2514.140), Max=(X=-1918.607 Y=2900.863 Z=2614.140) RuntimeGrid:None EditorOnly:0 RuntimeOnly:0 HLODRelevant:1 ListedInSceneOutliner:1 IsMainWorldOnly:0
 |   |   |- Guid:01A791844E91DEDD6FDECDAA0769460B BaseClass: NativeClass:/Script/Engine.StaticMeshActor Name:StaticMeshActor_UAID_047C16C204B6FAB301_1193501322 Label:CubeGridToolOutput25 SpatiallyLoaded:1 Bounds:IsValid=true, Min=(X=1621.684 Y=1070.000 Z=510.000), Max=(X=1921.684 Y=1370.000 Z=560.000) RuntimeGrid:None EditorOnly:0 RuntimeOnly:0 HLODRelevant:1 ListedInSceneOutliner:1 IsMainWorldOnly:0
 |   |   |- Guid:0231230947358B502B5CEEB81B624F1B BaseClass: NativeClass:/Script/Engine.StaticMeshActor Name:StaticMeshActor_UAID_ACED5C98F2A020B701_1753426039 Label:Box_89B3669E SpatiallyLoaded:1 Bounds:IsValid=true, Min=(X=-1103.836 Y=2689.574 Z=2498.032), Max=(X=-803.836 Y=2989.574 Z=2598.032) RuntimeGrid:None EditorOnly:0 RuntimeOnly:0 HLODRelevant:1 ListedInSceneOutliner:1 IsMainWorldOnly:0
 |   |   |- Guid:028F8C9C4A8FAE952D57DCA4E204FB56 BaseClass: NativeClass:/Script/Engine.StaticMeshActor Name:StaticMeshActor_UAID_ACED5C98F2A020B701_1782352043 Label:CubeGridToolOutput_43C7EF1B SpatiallyLoaded:1 Bounds:IsValid=true, Min=(X=-2172.846 Y=3047.313 Z=2558.060), Max=(X=-1872.846 Y=3347.313 Z=2670.560) RuntimeGrid:None EditorOnly:0 RuntimeOnly:0 HLODRelevant:1 ListedInSceneOutliner:1 IsMainWorldOnly:0
 |   |   |- Guid:03BC0B524456F3B8E086F9893C911285 BaseClass: NativeClass:/Script/Engine.StaticMeshActor Name:StaticMeshActor_UAID_047C16C204B6F8B301_1909295951 Label:CubeGridToolOutput15 SpatiallyLoaded:1 Bounds:IsValid=true, Min=(X=1320.000 Y=727.500 Z=0.000), Max=(X=1570.000 Y=952.500 Z=12.500) RuntimeGrid:None EditorOnly:0 RuntimeOnly:0 HLODRelevant:1 ListedInSceneOutliner:1 IsMainWorldOnly:0
 |   |   |- Guid:08EFA2484949E3EA78004BB7ABA57C60 BaseClass: NativeClass:/Script/Engine.StaticMeshActor Name:StaticMeshActor_UAID_ACED5C98F2A020B701_1789186046 Label:CubeGridToolOutput_B69C0EFF SpatiallyLoaded:1 Bounds:IsValid=true, Min=(X=-1881.035 Y=1843.251 Z=2535.141), Max=(X=-1581.035 Y=2143.251 Z=2647.641) RuntimeGrid:None EditorOnly:0 RuntimeOnly:0 HLODRelevant:1 ListedInSceneOutliner:1 IsMainWorldOnly:0
 |   |   |- Guid:0BE05D7A476199968D6385AAA290F38A BaseClass: NativeClass:/Script/Engine.StaticMeshActor Name:StaticMeshActor_UAID_ACED5C98F2A020B701_1762682040 Label:CubeGridToolOutput_01C9D8A1 SpatiallyLoaded:1 Bounds:IsValid=true, Min=(X=-1833.882 Y=2228.650 Z=2508.483), Max=(X=-1533.882 Y=2528.650 Z=2620.983) RuntimeGrid:None EditorOnly:0 RuntimeOnly:0 HLODRelevant:1 ListedInSceneOutliner:1 IsMainWorldOnly:0
 |   |   |- Guid:1A586516465159F380593A9C8DFE0356 BaseClass: NativeClass:/Script/Engine.StaticMeshActor Name:StaticMeshActor_UAID_047C16C204B6FBB301_1911839512 Label:CubeGridToolOutput35 SpatiallyLoaded:1 Bounds:IsValid=true, Min=(X=1980.000 Y=370.000 Z=790.000), Max=(X=2080.000 Y=670.000 Z=1090.000) RuntimeGrid:None EditorOnly:0 RuntimeOnly:0 HLODRelevant:1 ListedInSceneOutliner:1 IsMainWorldOnly:0
 |   |   |- Guid:21262252453B37957EF29F82ABA2413B BaseClass: NativeClass:/Script/Engine.TextRenderActor Name:TextRenderActor_1 Label:TextRenderActor SpatiallyLoaded:1 Bounds:IsValid=true, Min=(X=-0.100 Y=1100.000 Z=65.013), Max=(X=-0.100 Y=2363.461 Z=215.013) RuntimeGrid:None EditorOnly:0 RuntimeOnly:0 HLODRelevant:0 ListedInSceneOutliner:1 IsMainWorldOnly:0
 |   |   |- Guid:28636FCF43DB5D8E704B5E8D43799FD2 BaseClass: NativeClass:/Script/Engine.StaticMeshActor Name:StaticMeshActor_UAID_047C16C204B6FBB301_1511286510 Label:CubeGridToolOutput33 SpatiallyLoaded:1 Bounds:IsValid=true, Min=(X=1990.000 Y=220.000 Z=8.388), Max=(X=2090.000 Y=320.000 Z=408.388) RuntimeGrid:None EditorOnly:0 RuntimeOnly:0 HLODRelevant:1 ListedInSceneOutliner:1 IsMainWorldOnly:0
 |   |   |- Guid:2F5B3753407AFEF93ADBB8A1EC2774DE BaseClass: NativeClass:/Script/Engine.StaticMeshActor Name:StaticMeshActor_UAID_047C16C204B6F9B301_1761114140 Label:CubeGridToolOutput22 SpatiallyLoaded:1 Bounds:IsValid=true, Min=(X=1621.684 Y=720.000 Z=210.000), Max=(X=1921.684 Y=1020.000 Z=510.000) RuntimeGrid:None EditorOnly:0 RuntimeOnly:0 HLODRelevant:1 ListedInSceneOutliner:1 IsMainWorldOnly:0
 |   |   |- Guid:3500231B427FDAE88FD36DB9FF9437D6 BaseClass: NativeClass:/Script/Engine.StaticMeshActor Name:StaticMeshActor_UAID_047C16C204B6F8B301_1868201949 Label:CubeGridToolOutput3 SpatiallyLoaded:1 Bounds:IsValid=true, Min=(X=1007.500 Y=690.000 Z=0.000), Max=(X=1032.500 Y=990.000 Z=12.500) RuntimeGrid:None EditorOnly:0 RuntimeOnly:0 HLODRelevant:1 ListedInSceneOutliner:1 IsMainWorldOnly:0
 |   |   |- Guid:3597789C4CD463F8913EC8B273F3378D BaseClass: NativeClass:/Script/Engine.StaticMeshActor Name:StaticMeshActor_UAID_047C16C204B6F8B301_1610009942 Label:CubeGridToolOutput11 SpatiallyLoaded:1 Bounds:IsValid=true, Min=(X=1294.350 Y=1006.130 Z=-100.000), Max=(X=1594.350 Y=1306.130 Z=-0.000) RuntimeGrid:None EditorOnly:0 RuntimeOnly:0 HLODRelevant:1 ListedInSceneOutliner:1 IsMainWorldOnly:0
 |   |   |- Guid:3D96F10441C2D46399D201BB31081F39 BaseClass: NativeClass:/Script/Engine.StaticMeshActor Name:StaticMeshActor_UAID_047C16C204B6F9B301_1768635141 Label:CubeGridToolOutput23 SpatiallyLoaded:1 Bounds:IsValid=true, Min=(X=1621.684 Y=1070.000 Z=210.000), Max=(X=1921.684 Y=1370.000 Z=510.000) RuntimeGrid:None EditorOnly:0 RuntimeOnly:0 HLODRelevant:1 ListedInSceneOutliner:1 IsMainWorldOnly:0
 |   |   |- Guid:4318343E442BBF1A86459C9967A35947 BaseClass: NativeClass:/Script/Engine.StaticMeshActor Name:StaticMeshActor_UAID_ACED5C98F2A020B701_1794446048 Label:CubeGridToolOutput_E356F2F9 SpatiallyLoaded:1 Bounds:IsValid=true, Min=(X=-2230.209 Y=2161.724 Z=2513.679), Max=(X=-1930.209 Y=2461.724 Z=2626.179) RuntimeGrid:None EditorOnly:0 RuntimeOnly:0 HLODRelevant:1 ListedInSceneOutliner:1 IsMainWorldOnly:0
 |   |   |- Guid:451C24E74B05F325443773BA864F9B77 BaseClass: NativeClass:/Script/Engine.StaticMeshActor Name:StaticMeshActor_UAID_047C16C204B6FAB301_1204862323 Label:CubeGridToolOutput28 SpatiallyLoaded:1 Bounds:IsValid=true, Min=(X=1621.684 Y=720.000 Z=510.000), Max=(X=1671.684 Y=1020.000 Z=560.000) RuntimeGrid:None EditorOnly:0 RuntimeOnly:0 HLODRelevant:1 ListedInSceneOutliner:1 IsMainWorldOnly:0
 |   |   |- Guid:4ADCA74A4A092638F1BEB79B9DE9BB53 BaseClass: NativeClass:/Script/Engine.StaticMeshActor Name:StaticMeshActor_UAID_047C16C204B6F9B301_1207435134 Label:CubeGridToolOutput17 SpatiallyLoaded:1 Bounds:IsValid=true, Min=(X=1990.000 Y=370.000 Z=-0.000), Max=(X=2090.000 Y=670.000 Z=150.000) RuntimeGrid:None EditorOnly:0 RuntimeOnly:0 HLODRelevant:1 ListedInSceneOutliner:1 IsMainWorldOnly:0
 |   |   |- Guid:4B64171849B9A95DE60590A1C0AC9992 BaseClass: NativeClass:/Script/Engine.StaticMeshActor Name:StaticMeshActor_UAID_047C16C204B6FAB301_1498892326 Label:CubeGridToolOutput27 SpatiallyLoaded:1 Bounds:IsValid=true, Min=(X=572.624 Y=1032.195 Z=500.000), Max=(X=772.624 Y=1232.195 Z=600.000) RuntimeGrid:None EditorOnly:0 RuntimeOnly:0 HLODRelevant:1 ListedInSceneOutliner:1 IsMainWorldOnly:0
 |   |   |- Guid:558985A54E52014A8E50C5925DA1AC7B BaseClass: NativeClass:/Script/Engine.StaticMeshActor Name:StaticMeshActor_UAID_047C16C204B6FBB301_1763274511 Label:CubeGridToolOutput34 SpatiallyLoaded:1 Bounds:IsValid=true, Min=(X=1990.000 Y=-280.000 Z=508.388), Max=(X=2090.000 Y=320.000 Z=1358.388) RuntimeGrid:None EditorOnly:0 RuntimeOnly:0 HLODRelevant:1 ListedInSceneOutliner:1 IsMainWorldOnly:0
 |   |   |- Guid:55F4A16D476886C826CDCB9D5DD43EAB BaseClass: NativeClass:/Script/Engine.StaticMeshActor Name:StaticMeshActor_UAID_047C16C204B6F8B301_1883553950 Label:CubeGridToolOutput4 SpatiallyLoaded:1 Bounds:IsValid=true, Min=(X=1007.500 Y=402.500 Z=0.000), Max=(X=1270.000 Y=665.000 Z=12.500) RuntimeGrid:None EditorOnly:0 RuntimeOnly:0 HLODRelevant:1 ListedInSceneOutliner:1 IsMainWorldOnly:0
 |   |   |- Guid:5795D6744A14889CAB1B6891E42D6E9B BaseClass: NativeClass:/Script/Engine.StaticMeshActor Name:StaticMeshActor_UAID_047C16C204B6F9B301_1456436136 Label:CubeGridToolOutput19 SpatiallyLoaded:1 Bounds:IsValid=true, Min=(X=1605.000 Y=1700.000 Z=-80.000), Max=(X=1917.500 Y=2000.000 Z=70.000) RuntimeGrid:None EditorOnly:0 RuntimeOnly:0 HLODRelevant:1 ListedInSceneOutliner:1 IsMainWorldOnly:0
 |   |   |- Guid:57CA780248930FAD4A16649021EEAE32 BaseClass: NativeClass:/Script/Engine.StaticMeshActor Name:StaticMeshActor_UAID_ACED5C98F2A020B701_1784969044 Label:CubeGridToolOutput_73C2C4F5 SpatiallyLoaded:1 Bounds:IsValid=true, Min=(X=-1766.734 Y=2700.654 Z=2499.481), Max=(X=-1566.734 Y=2900.654 Z=2574.481) RuntimeGrid:None EditorOnly:0 RuntimeOnly:0 HLODRelevant:1 ListedInSceneOutliner:1 IsMainWorldOnly:0
 |   |   |- Guid:5FE7584649BB6F09265329A6C57CFD0D BaseClass: NativeClass:/Script/Engine.VolumetricCloud Name:VolumetricCloud_0 Label:VolumetricCloud SpatiallyLoaded:0 Bounds:IsValid=true, Min=(X=0.000 Y=0.000 Z=820.000), Max=(X=0.000 Y=0.000 Z=820.000) RuntimeGrid:None EditorOnly:0 RuntimeOnly:0 HLODRelevant:0 ListedInSceneOutliner:1 IsMainWorldOnly:0 FolderPath:Lighting FolderGuid:0BA5F0A04EADB18E70D5B180D08FA34B
 |   |   |- Guid:61391D344900612A77DFC3BA3E354907 BaseClass: NativeClass:/Script/Engine.ExponentialHeightFog Name:ExponentialHeightFog_0 Label:ExponentialHeightFog SpatiallyLoaded:0 Bounds:IsValid=true, Min=(X=-5600.000 Y=-50.000 Z=-6850.000), Max=(X=-5600.000 Y=-50.000 Z=-6850.000) RuntimeGrid:None EditorOnly:0 RuntimeOnly:0 HLODRelevant:0 ListedInSceneOutliner:1 IsMainWorldOnly:0 FolderPath:Lighting FolderGuid:0BA5F0A04EADB18E70D5B180D08FA34B
 |   |   |- Guid:6206347243B1E6F5D5944999F1C9CF98 BaseClass: NativeClass:/Script/Engine.StaticMeshActor Name:StaticMeshActor_UAID_047C16C204B6F9B301_1277208135 Label:CubeGridToolOutput18 SpatiallyLoaded:1 Bounds:IsValid=true, Min=(X=2015.000 Y=370.000 Z=210.000), Max=(X=2065.000 Y=670.000 Z=535.000) RuntimeGrid:None EditorOnly:0 RuntimeOnly:0 HLODRelevant:1 ListedInSceneOutliner:1 IsMainWorldOnly:0
 |   |   |- Guid:621EF0294AF219E05204F3BD8F499AB4 BaseClass: NativeClass:/Script/Engine.StaticMeshActor Name:StaticMeshActor_UAID_047C16C204B6F8B301_1861238948 Label:CubeGridToolOutput SpatiallyLoaded:1 Bounds:IsValid=true, Min=(X=1007.500 Y=1002.500 Z=0.000), Max=(X=1270.000 Y=1265.000 Z=12.500) RuntimeGrid:None EditorOnly:0 RuntimeOnly:0 HLODRelevant:1 ListedInSceneOutliner:1 IsMainWorldOnly:0
 |   |   |- Guid:66D3B1CD44D99A23B57A8A9B7EEA01A2 BaseClass: NativeClass:/Script/Engine.StaticMeshActor Name:StaticMeshActor_UAID_047C16C204B6F3B301_1745491952 Label:CubeGridToolOutput2 SpatiallyLoaded:1 Bounds:IsValid=true, Min=(X=400.000 Y=363.380 Z=0.000), Max=(X=900.000 Y=863.380 Z=250.000) RuntimeGrid:None EditorOnly:0 RuntimeOnly:0 HLODRelevant:1 ListedInSceneOutliner:1 IsMainWorldOnly:0
 |   |   |- Guid:69F1BCDB4FCB95CA07849489E5987936 BaseClass: NativeClass:/Script/Engine.StaticMeshActor Name:StaticMeshActor_UAID_047C16C204B6FAB301_1862283328 Label:CubeGridToolOutput30 SpatiallyLoaded:1 Bounds:IsValid=true, Min=(X=268.667 Y=772.772 Z=685.525), Max=(X=1018.667 Y=1522.772 Z=910.525) RuntimeGrid:None EditorOnly:0 RuntimeOnly:0 HLODRelevant:1 ListedInSceneOutliner:1 IsMainWorldOnly:0
 |   |   |- Guid:6EB0732C49F04150557C24B64F08579A BaseClass: NativeClass:/Script/Engine.StaticMeshActor Name:StaticMeshActor_UAID_ACED5C98F2A020B701_1790996047 Label:CubeGridToolOutput_C098F8C0 SpatiallyLoaded:1 Bounds:IsValid=true, Min=(X=-1473.016 Y=2292.954 Z=2523.772), Max=(X=-1173.016 Y=2492.954 Z=2598.772) RuntimeGrid:None EditorOnly:0 RuntimeOnly:0 HLODRelevant:1 ListedInSceneOutliner:1 IsMainWorldOnly:0
 |   |   |- Guid:6FEFB3BD4EB37B849EF0D4AC80F83855 BaseClass: NativeClass:/Script/Engine.WorldDataLayers Name:WorldDataLayers Label:WorldDataLayers SpatiallyLoaded:0 Bounds:IsValid=true, Min=(X=0.000 Y=0.000 Z=0.000), Max=(X=0.000 Y=0.000 Z=0.000) RuntimeGrid:None EditorOnly:0 RuntimeOnly:0 HLODRelevant:0 ListedInSceneOutliner:1 IsMainWorldOnly:1
 |   |   |- Guid:7F4B5B32432CB388160D378D94977FCA BaseClass: NativeClass:/Script/Engine.StaticMeshActor Name:StaticMeshActor_UAID_047C16C204B6FBB301_1221427506 Label:CubeGridToolOutput32 SpatiallyLoaded:1 Bounds:IsValid=true, Min=(X=1990.000 Y=1420.000 Z=8.388), Max=(X=2090.000 Y=2395.000 Z=1183.388) RuntimeGrid:None EditorOnly:0 RuntimeOnly:0 HLODRelevant:1 ListedInSceneOutliner:1 IsMainWorldOnly:0
 |   |   |- Guid:80722E3A49EC961E934B00AE95656EA8 BaseClass: NativeClass:/Script/Engine.StaticMeshActor Name:StaticMeshActor_UAID_047C16C204B6F8B301_1614702943 Label:CubeGridToolOutput12 SpatiallyLoaded:1 Bounds:IsValid=true, Min=(X=1615.461 Y=370.000 Z=-100.000), Max=(X=1915.461 Y=670.000 Z=0.000) RuntimeGrid:None EditorOnly:0 RuntimeOnly:0 HLODRelevant:1 ListedInSceneOutliner:1 IsMainWorldOnly:0
 |   |   |- Guid:8A3B1B2C49517B20003B07BD916BCD35 BaseClass: NativeClass:/Script/Engine.StaticMeshActor Name:StaticMeshActor_UAID_ACED5C98F2A052AE01_1390662336 Label:Torus SpatiallyLoaded:1 Bounds:IsValid=true, Min=(X=725.000 Y=835.000 Z=0.000), Max=(X=875.000 Y=985.000 Z=50.000) RuntimeGrid:None EditorOnly:0 RuntimeOnly:0 HLODRelevant:0 ListedInSceneOutliner:1 IsMainWorldOnly:0
 |   |   |- Guid:8C8794D6458A04A22C1A939FAEC787ED BaseClass: NativeClass:/Script/Engine.StaticMeshActor Name:StaticMeshActor_UAID_047C16C204B6F8B301_1610007940 Label:CubeGridToolOutput9 SpatiallyLoaded:1 Bounds:IsValid=true, Min=(X=1294.350 Y=370.000 Z=-100.000), Max=(X=1594.350 Y=670.000 Z=0.000) RuntimeGrid:None EditorOnly:0 RuntimeOnly:0 HLODRelevant:1 ListedInSceneOutliner:1 IsMainWorldOnly:0
 |   |   |- Guid:95A01DAB4B13756BAEF5AABD97865572 BaseClass: NativeClass:/Script/Engine.StaticMeshActor Name:StaticMeshActor_UAID_ACED5C98F2A020B701_1780281042 Label:CubeGridToolOutput_317C5B17 SpatiallyLoaded:1 Bounds:IsValid=true, Min=(X=-1472.654 Y=3027.019 Z=2483.614), Max=(X=-872.654 Y=3327.019 Z=2596.114) RuntimeGrid:None EditorOnly:0 RuntimeOnly:0 HLODRelevant:1 ListedInSceneOutliner:1 IsMainWorldOnly:0
 |   |   |- Guid:9C21346246F90C10F6AA5F8AFB857DA0 BaseClass: NativeClass:/Script/Engine.StaticMeshActor Name:StaticMeshActor_UAID_ACED5C98F2A020B701_1796945049 Label:CubeGridToolOutput_FD47D5C2 SpatiallyLoaded:1 Bounds:IsValid=true, Min=(X=-1806.265 Y=3040.414 Z=2532.410), Max=(X=-1506.265 Y=3340.414 Z=2644.910) RuntimeGrid:None EditorOnly:0 RuntimeOnly:0 HLODRelevant:1 ListedInSceneOutliner:1 IsMainWorldOnly:0
 |   |   |- Guid:9CDEE7984F1B2657A4F46E9553B016F5 BaseClass: NativeClass:/Script/Engine.StaticMeshActor Name:StaticMeshActor_UAID_047C16C204B6F8B301_1517254938 Label:CubeGridToolOutput7 SpatiallyLoaded:1 Bounds:IsValid=true, Min=(X=970.000 Y=690.000 Z=-100.000), Max=(X=1270.000 Y=990.000 Z=0.000) RuntimeGrid:None EditorOnly:0 RuntimeOnly:0 HLODRelevant:1 ListedInSceneOutliner:1 IsMainWorldOnly:0
 |   |   |- Guid:A354B1B24E617A525DC6B48CCDE2417E BaseClass: NativeClass:/Script/Engine.PlayerStart Name:PlayerStart_0 Label:PlayerStart SpatiallyLoaded:0 Bounds:IsValid=true, Min=(X=1400.000 Y=490.000 Z=0.013), Max=(X=1480.000 Y=570.000 Z=184.013) RuntimeGrid:None EditorOnly:0 RuntimeOnly:0 HLODRelevant:0 ListedInSceneOutliner:1 IsMainWorldOnly:0
 |   |   |- Guid:A59BF6F746EBBBAD0FE3859F131E9D49 BaseClass: NativeClass:/Script/Engine.StaticMeshActor Name:StaticMeshActor_UAID_047C16C204B6F8B301_1955061952 Label:CubeGridToolOutput16 SpatiallyLoaded:1 Bounds:IsValid=true, Min=(X=1507.500 Y=365.000 Z=0.000), Max=(X=1595.000 Y=440.000 Z=12.500) RuntimeGrid:None EditorOnly:0 RuntimeOnly:0 HLODRelevant:1 ListedInSceneOutliner:1 IsMainWorldOnly:0
 |   |   |- Guid:A61BBFA845FB6DE3E3DEBB835FAEB17C BaseClass: NativeClass:/Script/Engine.StaticMeshActor Name:StaticMeshActor_UAID_047C16C204B6F9B301_1608332139 Label:CubeGridToolOutput21 SpatiallyLoaded:1 Bounds:IsValid=true, Min=(X=1980.000 Y=370.000 Z=590.000), Max=(X=2080.000 Y=670.000 Z=740.000) RuntimeGrid:None EditorOnly:0 RuntimeOnly:0 HLODRelevant:1 ListedInSceneOutliner:1 IsMainWorldOnly:0
 |   |   |- Guid:AA36C61742209EB5A6D8D0A00CC5ED41 BaseClass: NativeClass:/Script/Engine.StaticMeshActor Name:StaticMeshActor_UAID_047C16C204B6FAB301_2107185329 Label:CubeGridToolOutput31 SpatiallyLoaded:1 Bounds:IsValid=true, Min=(X=1990.000 Y=695.000 Z=8.388), Max=(X=2090.000 Y=1370.000 Z=733.388) RuntimeGrid:None EditorOnly:0 RuntimeOnly:0 HLODRelevant:1 ListedInSceneOutliner:1 IsMainWorldOnly:0
 |   |   |- Guid:ABF5D6424B402B379DB8B885E327D3DB BaseClass: NativeClass:/Script/Engine.StaticMeshActor Name:StaticMeshActor_UAID_047C16C204B6F8B301_1183358838 Label:CubeGridToolOutput6 SpatiallyLoaded:1 Bounds:IsValid=true, Min=(X=970.000 Y=370.000 Z=-100.000), Max=(X=1270.000 Y=670.000 Z=0.000) RuntimeGrid:None EditorOnly:0 RuntimeOnly:0 HLODRelevant:1 ListedInSceneOutliner:1 IsMainWorldOnly:0
 |   |   |- Guid:C0C56B9644AE3D40CAFF6A878DB29844 BaseClass: NativeClass:/Script/Engine.StaticMeshActor Name:StaticMeshActor_UAID_A4AE111137DC5EFB00_2001720423 Label:SM_SkySphere SpatiallyLoaded:0 Bounds:IsValid=true, Min=(X=-1638400.000 Y=-1638400.000 Z=-1638400.000), Max=(X=1638400.000 Y=1638400.000 Z=1638400.000) RuntimeGrid:None EditorOnly:0 RuntimeOnly:0 HLODRelevant:1 ListedInSceneOutliner:1 IsMainWorldOnly:0 FolderPath:Lighting FolderGuid:0BA5F0A04EADB18E70D5B180D08FA34B
 |   |   |- Guid:C22CE07C4B87D685137FDBBC10FC92C6 BaseClass: NativeClass:/Script/Engine.SkyAtmosphere Name:SkyAtmosphere_0 Label:SkyAtmosphere SpatiallyLoaded:0 Bounds:IsValid=true, Min=(X=0.000 Y=0.000 Z=1020.000), Max=(X=0.000 Y=0.000 Z=1020.000) RuntimeGrid:None EditorOnly:0 RuntimeOnly:0 HLODRelevant:0 ListedInSceneOutliner:1 IsMainWorldOnly:0 FolderPath:Lighting FolderGuid:0BA5F0A04EADB18E70D5B180D08FA34B
 |   |   |- Guid:C5BE380C45F86D26DA231B9EF716B139 BaseClass: NativeClass:/Script/Engine.StaticMeshActor Name:StaticMeshActor_UAID_047C16C204B6F9B301_1782092142 Label:CubeGridToolOutput24 SpatiallyLoaded:1 Bounds:IsValid=true, Min=(X=1621.684 Y=380.000 Z=210.000), Max=(X=1921.684 Y=680.000 Z=510.000) RuntimeGrid:None EditorOnly:0 RuntimeOnly:0 HLODRelevant:1 ListedInSceneOutliner:1 IsMainWorldOnly:0
 |   |   |- Guid:C6E89D4A444140CFAEEB828FAD07BC8F BaseClass: NativeClass:/Script/Engine.StaticMeshActor Name:StaticMeshActor_UAID_047C16C204B6FAB301_1212837324 Label:CubeGridToolOutput29 SpatiallyLoaded:1 Bounds:IsValid=true, Min=(X=1621.684 Y=370.000 Z=510.000), Max=(X=1921.684 Y=670.000 Z=560.000) RuntimeGrid:None EditorOnly:0 RuntimeOnly:0 HLODRelevant:1 ListedInSceneOutliner:1 IsMainWorldOnly:0
 |   |   |- Guid:CE8D82634660FCDB3120E2B8D547C533 BaseClass: NativeClass:/Script/Engine.PostProcessVolume Name:PostProcessVolume_0 Label:PostProcessVolume SpatiallyLoaded:0 Bounds:IsValid=true, Min=(X=0.000 Y=0.000 Z=400.000), Max=(X=200.000 Y=200.000 Z=600.000) RuntimeGrid:None EditorOnly:0 RuntimeOnly:0 HLODRelevant:0 ListedInSceneOutliner:1 IsMainWorldOnly:0 FolderPath:Lighting FolderGuid:0BA5F0A04EADB18E70D5B180D08FA34B
 |   |   |- Guid:D081C0C64180203262AC9F8C7D72A523 BaseClass: NativeClass:/Script/Engine.StaticMeshActor Name:StaticMeshActor_UAID_047C16C204B6FAB301_1478080325 Label:CubeGridToolOutput26 SpatiallyLoaded:1 Bounds:IsValid=true, Min=(X=622.624 Y=1082.195 Z=200.000), Max=(X=722.624 Y=1182.195 Z=450.000) RuntimeGrid:None EditorOnly:0 RuntimeOnly:0 HLODRelevant:1 ListedInSceneOutliner:1 IsMainWorldOnly:0
 |   |   |- Guid:D9F1ED384FA7F1C6EB62DF8A56AE083D BaseClass: NativeClass:/Script/Engine.StaticMeshActor Name:StaticMeshActor_UAID_047C16C204B6F3B301_1903825957 Label:CubeGridToolOutput5 SpatiallyLoaded:1 Bounds:IsValid=true, Min=(X=522.624 Y=982.195 Z=-0.000), Max=(X=822.624 Y=1282.195 Z=150.000) RuntimeGrid:None EditorOnly:0 RuntimeOnly:0 HLODRelevant:1 ListedInSceneOutliner:1 IsMainWorldOnly:0
 |   |   |- Guid:DFAB153D48B75F4447A57B8A29A0A0E6 BaseClass: NativeClass:/Script/Engine.StaticMeshActor Name:StaticMeshActor_UAID_047C16C204B6F8B301_1610008941 Label:CubeGridToolOutput10 SpatiallyLoaded:1 Bounds:IsValid=true, Min=(X=1294.350 Y=690.000 Z=-100.000), Max=(X=1594.350 Y=990.000 Z=0.000) RuntimeGrid:None EditorOnly:0 RuntimeOnly:0 HLODRelevant:1 ListedInSceneOutliner:1 IsMainWorldOnly:0
 |   |   |- Guid:DFE10B6446977982CAB955863E23DB5C BaseClass: NativeClass:/Script/Engine.StaticMeshActor Name:StaticMeshActor_UAID_047C16C204B6F8B301_1614703944 Label:CubeGridToolOutput13 SpatiallyLoaded:1 Bounds:IsValid=true, Min=(X=1615.461 Y=690.000 Z=-100.000), Max=(X=1915.461 Y=990.000 Z=0.000) RuntimeGrid:None EditorOnly:0 RuntimeOnly:0 HLODRelevant:1 ListedInSceneOutliner:1 IsMainWorldOnly:0
 |   |   |- Guid:E44B0C394FE5E9D0551271834A6FB769 BaseClass: NativeClass:/Script/Engine.StaticMeshActor Name:StaticMeshActor_UAID_047C16C204B6F8B301_1614703945 Label:CubeGridToolOutput14 SpatiallyLoaded:1 Bounds:IsValid=true, Min=(X=1615.461 Y=1006.130 Z=-100.000), Max=(X=1915.461 Y=1306.130 Z=-0.000) RuntimeGrid:None EditorOnly:0 RuntimeOnly:0 HLODRelevant:1 ListedInSceneOutliner:1 IsMainWorldOnly:0
 |   |   |- Guid:E5320C1B4FD9764CE7B54D8487AEC613 BaseClass: NativeClass:/Script/Engine.SkyLight Name:SkyLight_0 Label:SkyLight SpatiallyLoaded:0 Bounds:IsValid=true, Min=(X=0.000 Y=0.000 Z=690.000), Max=(X=0.000 Y=0.000 Z=690.000) RuntimeGrid:None EditorOnly:0 RuntimeOnly:0 HLODRelevant:0 ListedInSceneOutliner:1 IsMainWorldOnly:0 FolderPath:Lighting FolderGuid:0BA5F0A04EADB18E70D5B180D08FA34B
 |   |   |- Guid:EC2ED8E44117ECAA2CD4ABBA224C6991 BaseClass: NativeClass:/Script/Engine.StaticMeshActor Name:StaticMeshActor_UAID_047C16C204B6F9B301_1515214138 Label:CubeGridToolOutput20 SpatiallyLoaded:1 Bounds:IsValid=true, Min=(X=1615.000 Y=1353.414 Z=-90.000), Max=(X=1927.500 Y=1653.414 Z=10.000) RuntimeGrid:None EditorOnly:0 RuntimeOnly:0 HLODRelevant:1 ListedInSceneOutliner:1 IsMainWorldOnly:0
 |   |   |- Guid:EE66F4454A4A9F99393F559AB739C05E BaseClass:/Game/FirstPerson/Blueprints/BP_Pickup_Rifle.BP_Pickup_Rifle_C NativeClass:/Script/Engine.Actor Name:BP_Rifle_C_1 Label:BP_Pickup_Rifle SpatiallyLoaded:1 Bounds:IsValid=true, Min=(X=1378.000 Y=818.000 Z=64.000), Max=(X=1442.000 Y=907.440 Z=128.000) RuntimeGrid:None EditorOnly:0 RuntimeOnly:0 HLODRelevant:0 ListedInSceneOutliner:1 IsMainWorldOnly:0
 |   |   |- Guid:F80621C9446867154938FE81375207DA BaseClass: NativeClass:/Script/Engine.DirectionalLight Name:DirectionalLight_1 Label:DirectionalLight SpatiallyLoaded:0 Bounds:IsValid=true, Min=(X=-1048576.000 Y=-1048576.000 Z=-1048576.000), Max=(X=1048576.000 Y=1048576.000 Z=1048576.000) RuntimeGrid:None EditorOnly:0 RuntimeOnly:0 HLODRelevant:0 ListedInSceneOutliner:1 IsMainWorldOnly:0 FolderPath:Lighting FolderGuid:0BA5F0A04EADB18E70D5B180D08FA34B
 |   |   |- Guid:FC380B054D977C30FFBDD9A8A64DD7DF BaseClass: NativeClass:/Script/Engine.StaticMeshActor Name:StaticMeshActor_UAID_ACED5C98F2A020B701_1787148045 Label:CubeGridToolOutput_B61C866F SpatiallyLoaded:1 Bounds:IsValid=true, Min=(X=-1454.337 Y=2668.190 Z=2498.465), Max=(X=-1154.337 Y=2968.190 Z=2610.965) RuntimeGrid:None EditorOnly:0 RuntimeOnly:0 HLODRelevant:1 ListedInSceneOutliner:1 IsMainWorldOnly:0
 |   |   |- Guid:FC3B417D400340474B1FD183A7EE8159 BaseClass: NativeClass:/Script/Engine.StaticMeshActor Name:StaticMeshActor_UAID_047C16C204B6F8B301_1601867939 Label:CubeGridToolOutput8 SpatiallyLoaded:1 Bounds:IsValid=true, Min=(X=970.000 Y=1006.130 Z=-100.000), Max=(X=1270.000 Y=1306.130 Z=-0.000) RuntimeGrid:None EditorOnly:0 RuntimeOnly:0 HLODRelevant:1 ListedInSceneOutliner:1 IsMainWorldOnly:0
 |   |- [+] Clusters:
 |   |   |- [+] [  0]
 |   |   |   |- Guid:0184B0834BECACC5F9DCEB88BF03F557 BaseClass: NativeClass:/Script/Engine.StaticMeshActor Name:StaticMeshActor_UAID_ACED5C98F2A020B701_1776823041 Label:CubeGridToolOutput_22C99171 SpatiallyLoaded:1 Bounds:IsValid=true, Min=(X=-2218.607 Y=2600.863 Z=2514.140), Max=(X=-1918.607 Y=2900.863 Z=2614.140) RuntimeGrid:None EditorOnly:0 RuntimeOnly:0 HLODRelevant:1 ListedInSceneOutliner:1 IsMainWorldOnly:0
 |   |   |- [+] [  1]
 |   |   |   |- Guid:01A791844E91DEDD6FDECDAA0769460B BaseClass: NativeClass:/Script/Engine.StaticMeshActor Name:StaticMeshActor_UAID_047C16C204B6FAB301_1193501322 Label:CubeGridToolOutput25 SpatiallyLoaded:1 Bounds:IsValid=true, Min=(X=1621.684 Y=1070.000 Z=510.000), Max=(X=1921.684 Y=1370.000 Z=560.000) RuntimeGrid:None EditorOnly:0 RuntimeOnly:0 HLODRelevant:1 ListedInSceneOutliner:1 IsMainWorldOnly:0
 |   |   |- [+] [  2]
 |   |   |   |- Guid:0231230947358B502B5CEEB81B624F1B BaseClass: NativeClass:/Script/Engine.StaticMeshActor Name:StaticMeshActor_UAID_ACED5C98F2A020B701_1753426039 Label:Box_89B3669E SpatiallyLoaded:1 Bounds:IsValid=true, Min=(X=-1103.836 Y=2689.574 Z=2498.032), Max=(X=-803.836 Y=2989.574 Z=2598.032) RuntimeGrid:None EditorOnly:0 RuntimeOnly:0 HLODRelevant:1 ListedInSceneOutliner:1 IsMainWorldOnly:0
 |   |   |- [+] [  3]
 |   |   |   |- Guid:028F8C9C4A8FAE952D57DCA4E204FB56 BaseClass: NativeClass:/Script/Engine.StaticMeshActor Name:StaticMeshActor_UAID_ACED5C98F2A020B701_1782352043 Label:CubeGridToolOutput_43C7EF1B SpatiallyLoaded:1 Bounds:IsValid=true, Min=(X=-2172.846 Y=3047.313 Z=2558.060), Max=(X=-1872.846 Y=3347.313 Z=2670.560) RuntimeGrid:None EditorOnly:0 RuntimeOnly:0 HLODRelevant:1 ListedInSceneOutliner:1 IsMainWorldOnly:0
 |   |   |- [+] [  4]
 |   |   |   |- Guid:03BC0B524456F3B8E086F9893C911285 BaseClass: NativeClass:/Script/Engine.StaticMeshActor Name:StaticMeshActor_UAID_047C16C204B6F8B301_1909295951 Label:CubeGridToolOutput15 SpatiallyLoaded:1 Bounds:IsValid=true, Min=(X=1320.000 Y=727.500 Z=0.000), Max=(X=1570.000 Y=952.500 Z=12.500) RuntimeGrid:None EditorOnly:0 RuntimeOnly:0 HLODRelevant:1 ListedInSceneOutliner:1 IsMainWorldOnly:0
 |   |   |- [+] [  5]
 |   |   |   |- Guid:08EFA2484949E3EA78004BB7ABA57C60 BaseClass: NativeClass:/Script/Engine.StaticMeshActor Name:StaticMeshActor_UAID_ACED5C98F2A020B701_1789186046 Label:CubeGridToolOutput_B69C0EFF SpatiallyLoaded:1 Bounds:IsValid=true, Min=(X=-1881.035 Y=1843.251 Z=2535.141), Max=(X=-1581.035 Y=2143.251 Z=2647.641) RuntimeGrid:None EditorOnly:0 RuntimeOnly:0 HLODRelevant:1 ListedInSceneOutliner:1 IsMainWorldOnly:0
 |   |   |- [+] [  6]
 |   |   |   |- Guid:0BE05D7A476199968D6385AAA290F38A BaseClass: NativeClass:/Script/Engine.StaticMeshActor Name:StaticMeshActor_UAID_ACED5C98F2A020B701_1762682040 Label:CubeGridToolOutput_01C9D8A1 SpatiallyLoaded:1 Bounds:IsValid=true, Min=(X=-1833.882 Y=2228.650 Z=2508.483), Max=(X=-1533.882 Y=2528.650 Z=2620.983) RuntimeGrid:None EditorOnly:0 RuntimeOnly:0 HLODRelevant:1 ListedInSceneOutliner:1 IsMainWorldOnly:0
 |   |   |- [+] [  7]
 |   |   |   |- Guid:1A586516465159F380593A9C8DFE0356 BaseClass: NativeClass:/Script/Engine.StaticMeshActor Name:StaticMeshActor_UAID_047C16C204B6FBB301_1911839512 Label:CubeGridToolOutput35 SpatiallyLoaded:1 Bounds:IsValid=true, Min=(X=1980.000 Y=370.000 Z=790.000), Max=(X=2080.000 Y=670.000 Z=1090.000) RuntimeGrid:None EditorOnly:0 RuntimeOnly:0 HLODRelevant:1 ListedInSceneOutliner:1 IsMainWorldOnly:0
 |   |   |- [+] [  8]
 |   |   |   |- Guid:21262252453B37957EF29F82ABA2413B BaseClass: NativeClass:/Script/Engine.TextRenderActor Name:TextRenderActor_1 Label:TextRenderActor SpatiallyLoaded:1 Bounds:IsValid=true, Min=(X=-0.100 Y=1100.000 Z=65.013), Max=(X=-0.100 Y=2363.461 Z=215.013) RuntimeGrid:None EditorOnly:0 RuntimeOnly:0 HLODRelevant:0 ListedInSceneOutliner:1 IsMainWorldOnly:0
 |   |   |- [+] [  9]
 |   |   |   |- Guid:28636FCF43DB5D8E704B5E8D43799FD2 BaseClass: NativeClass:/Script/Engine.StaticMeshActor Name:StaticMeshActor_UAID_047C16C204B6FBB301_1511286510 Label:CubeGridToolOutput33 SpatiallyLoaded:1 Bounds:IsValid=true, Min=(X=1990.000 Y=220.000 Z=8.388), Max=(X=2090.000 Y=320.000 Z=408.388) RuntimeGrid:None EditorOnly:0 RuntimeOnly:0 HLODRelevant:1 ListedInSceneOutliner:1 IsMainWorldOnly:0
 |   |   |- [+] [ 10]
 |   |   |   |- Guid:2F5B3753407AFEF93ADBB8A1EC2774DE BaseClass: NativeClass:/Script/Engine.StaticMeshActor Name:StaticMeshActor_UAID_047C16C204B6F9B301_1761114140 Label:CubeGridToolOutput22 SpatiallyLoaded:1 Bounds:IsValid=true, Min=(X=1621.684 Y=720.000 Z=210.000), Max=(X=1921.684 Y=1020.000 Z=510.000) RuntimeGrid:None EditorOnly:0 RuntimeOnly:0 HLODRelevant:1 ListedInSceneOutliner:1 IsMainWorldOnly:0
 |   |   |- [+] [ 11]
 |   |   |   |- Guid:3500231B427FDAE88FD36DB9FF9437D6 BaseClass: NativeClass:/Script/Engine.StaticMeshActor Name:StaticMeshActor_UAID_047C16C204B6F8B301_1868201949 Label:CubeGridToolOutput3 SpatiallyLoaded:1 Bounds:IsValid=true, Min=(X=1007.500 Y=690.000 Z=0.000), Max=(X=1032.500 Y=990.000 Z=12.500) RuntimeGrid:None EditorOnly:0 RuntimeOnly:0 HLODRelevant:1 ListedInSceneOutliner:1 IsMainWorldOnly:0
 |   |   |- [+] [ 12]
 |   |   |   |- Guid:3597789C4CD463F8913EC8B273F3378D BaseClass: NativeClass:/Script/Engine.StaticMeshActor Name:StaticMeshActor_UAID_047C16C204B6F8B301_1610009942 Label:CubeGridToolOutput11 SpatiallyLoaded:1 Bounds:IsValid=true, Min=(X=1294.350 Y=1006.130 Z=-100.000), Max=(X=1594.350 Y=1306.130 Z=-0.000) RuntimeGrid:None EditorOnly:0 RuntimeOnly:0 HLODRelevant:1 ListedInSceneOutliner:1 IsMainWorldOnly:0
 |   |   |- [+] [ 13]
 |   |   |   |- Guid:3D96F10441C2D46399D201BB31081F39 BaseClass: NativeClass:/Script/Engine.StaticMeshActor Name:StaticMeshActor_UAID_047C16C204B6F9B301_1768635141 Label:CubeGridToolOutput23 SpatiallyLoaded:1 Bounds:IsValid=true, Min=(X=1621.684 Y=1070.000 Z=210.000), Max=(X=1921.684 Y=1370.000 Z=510.000) RuntimeGrid:None EditorOnly:0 RuntimeOnly:0 HLODRelevant:1 ListedInSceneOutliner:1 IsMainWorldOnly:0
 |   |   |- [+] [ 14]
 |   |   |   |- Guid:4318343E442BBF1A86459C9967A35947 BaseClass: NativeClass:/Script/Engine.StaticMeshActor Name:StaticMeshActor_UAID_ACED5C98F2A020B701_1794446048 Label:CubeGridToolOutput_E356F2F9 SpatiallyLoaded:1 Bounds:IsValid=true, Min=(X=-2230.209 Y=2161.724 Z=2513.679), Max=(X=-1930.209 Y=2461.724 Z=2626.179) RuntimeGrid:None EditorOnly:0 RuntimeOnly:0 HLODRelevant:1 ListedInSceneOutliner:1 IsMainWorldOnly:0
 |   |   |- [+] [ 15]
 |   |   |   |- Guid:451C24E74B05F325443773BA864F9B77 BaseClass: NativeClass:/Script/Engine.StaticMeshActor Name:StaticMeshActor_UAID_047C16C204B6FAB301_1204862323 Label:CubeGridToolOutput28 SpatiallyLoaded:1 Bounds:IsValid=true, Min=(X=1621.684 Y=720.000 Z=510.000), Max=(X=1671.684 Y=1020.000 Z=560.000) RuntimeGrid:None EditorOnly:0 RuntimeOnly:0 HLODRelevant:1 ListedInSceneOutliner:1 IsMainWorldOnly:0
 |   |   |- [+] [ 16]
 |   |   |   |- Guid:4ADCA74A4A092638F1BEB79B9DE9BB53 BaseClass: NativeClass:/Script/Engine.StaticMeshActor Name:StaticMeshActor_UAID_047C16C204B6F9B301_1207435134 Label:CubeGridToolOutput17 SpatiallyLoaded:1 Bounds:IsValid=true, Min=(X=1990.000 Y=370.000 Z=-0.000), Max=(X=2090.000 Y=670.000 Z=150.000) RuntimeGrid:None EditorOnly:0 RuntimeOnly:0 HLODRelevant:1 ListedInSceneOutliner:1 IsMainWorldOnly:0
 |   |   |- [+] [ 17]
 |   |   |   |- Guid:4B64171849B9A95DE60590A1C0AC9992 BaseClass: NativeClass:/Script/Engine.StaticMeshActor Name:StaticMeshActor_UAID_047C16C204B6FAB301_1498892326 Label:CubeGridToolOutput27 SpatiallyLoaded:1 Bounds:IsValid=true, Min=(X=572.624 Y=1032.195 Z=500.000), Max=(X=772.624 Y=1232.195 Z=600.000) RuntimeGrid:None EditorOnly:0 RuntimeOnly:0 HLODRelevant:1 ListedInSceneOutliner:1 IsMainWorldOnly:0
 |   |   |- [+] [ 18]
 |   |   |   |- Guid:558985A54E52014A8E50C5925DA1AC7B BaseClass: NativeClass:/Script/Engine.StaticMeshActor Name:StaticMeshActor_UAID_047C16C204B6FBB301_1763274511 Label:CubeGridToolOutput34 SpatiallyLoaded:1 Bounds:IsValid=true, Min=(X=1990.000 Y=-280.000 Z=508.388), Max=(X=2090.000 Y=320.000 Z=1358.388) RuntimeGrid:None EditorOnly:0 RuntimeOnly:0 HLODRelevant:1 ListedInSceneOutliner:1 IsMainWorldOnly:0
 |   |   |- [+] [ 19]
 |   |   |   |- Guid:55F4A16D476886C826CDCB9D5DD43EAB BaseClass: NativeClass:/Script/Engine.StaticMeshActor Name:StaticMeshActor_UAID_047C16C204B6F8B301_1883553950 Label:CubeGridToolOutput4 SpatiallyLoaded:1 Bounds:IsValid=true, Min=(X=1007.500 Y=402.500 Z=0.000), Max=(X=1270.000 Y=665.000 Z=12.500) RuntimeGrid:None EditorOnly:0 RuntimeOnly:0 HLODRelevant:1 ListedInSceneOutliner:1 IsMainWorldOnly:0
 |   |   |- [+] [ 20]
 |   |   |   |- Guid:5795D6744A14889CAB1B6891E42D6E9B BaseClass: NativeClass:/Script/Engine.StaticMeshActor Name:StaticMeshActor_UAID_047C16C204B6F9B301_1456436136 Label:CubeGridToolOutput19 SpatiallyLoaded:1 Bounds:IsValid=true, Min=(X=1605.000 Y=1700.000 Z=-80.000), Max=(X=1917.500 Y=2000.000 Z=70.000) RuntimeGrid:None EditorOnly:0 RuntimeOnly:0 HLODRelevant:1 ListedInSceneOutliner:1 IsMainWorldOnly:0
 |   |   |- [+] [ 21]
 |   |   |   |- Guid:57CA780248930FAD4A16649021EEAE32 BaseClass: NativeClass:/Script/Engine.StaticMeshActor Name:StaticMeshActor_UAID_ACED5C98F2A020B701_1784969044 Label:CubeGridToolOutput_73C2C4F5 SpatiallyLoaded:1 Bounds:IsValid=true, Min=(X=-1766.734 Y=2700.654 Z=2499.481), Max=(X=-1566.734 Y=2900.654 Z=2574.481) RuntimeGrid:None EditorOnly:0 RuntimeOnly:0 HLODRelevant:1 ListedInSceneOutliner:1 IsMainWorldOnly:0
 |   |   |- [+] [ 22]
 |   |   |   |- Guid:5FE7584649BB6F09265329A6C57CFD0D BaseClass: NativeClass:/Script/Engine.VolumetricCloud Name:VolumetricCloud_0 Label:VolumetricCloud SpatiallyLoaded:0 Bounds:IsValid=true, Min=(X=0.000 Y=0.000 Z=820.000), Max=(X=0.000 Y=0.000 Z=820.000) RuntimeGrid:None EditorOnly:0 RuntimeOnly:0 HLODRelevant:0 ListedInSceneOutliner:1 IsMainWorldOnly:0 FolderPath:Lighting FolderGuid:0BA5F0A04EADB18E70D5B180D08FA34B
 |   |   |- [+] [ 23]
 |   |   |   |- Guid:61391D344900612A77DFC3BA3E354907 BaseClass: NativeClass:/Script/Engine.ExponentialHeightFog Name:ExponentialHeightFog_0 Label:ExponentialHeightFog SpatiallyLoaded:0 Bounds:IsValid=true, Min=(X=-5600.000 Y=-50.000 Z=-6850.000), Max=(X=-5600.000 Y=-50.000 Z=-6850.000) RuntimeGrid:None EditorOnly:0 RuntimeOnly:0 HLODRelevant:0 ListedInSceneOutliner:1 IsMainWorldOnly:0 FolderPath:Lighting FolderGuid:0BA5F0A04EADB18E70D5B180D08FA34B
 |   |   |- [+] [ 24]
 |   |   |   |- Guid:6206347243B1E6F5D5944999F1C9CF98 BaseClass: NativeClass:/Script/Engine.StaticMeshActor Name:StaticMeshActor_UAID_047C16C204B6F9B301_1277208135 Label:CubeGridToolOutput18 SpatiallyLoaded:1 Bounds:IsValid=true, Min=(X=2015.000 Y=370.000 Z=210.000), Max=(X=2065.000 Y=670.000 Z=535.000) RuntimeGrid:None EditorOnly:0 RuntimeOnly:0 HLODRelevant:1 ListedInSceneOutliner:1 IsMainWorldOnly:0
 |   |   |- [+] [ 25]
 |   |   |   |- Guid:621EF0294AF219E05204F3BD8F499AB4 BaseClass: NativeClass:/Script/Engine.StaticMeshActor Name:StaticMeshActor_UAID_047C16C204B6F8B301_1861238948 Label:CubeGridToolOutput SpatiallyLoaded:1 Bounds:IsValid=true, Min=(X=1007.500 Y=1002.500 Z=0.000), Max=(X=1270.000 Y=1265.000 Z=12.500) RuntimeGrid:None EditorOnly:0 RuntimeOnly:0 HLODRelevant:1 ListedInSceneOutliner:1 IsMainWorldOnly:0
 |   |   |- [+] [ 26]
 |   |   |   |- Guid:66D3B1CD44D99A23B57A8A9B7EEA01A2 BaseClass: NativeClass:/Script/Engine.StaticMeshActor Name:StaticMeshActor_UAID_047C16C204B6F3B301_1745491952 Label:CubeGridToolOutput2 SpatiallyLoaded:1 Bounds:IsValid=true, Min=(X=400.000 Y=363.380 Z=0.000), Max=(X=900.000 Y=863.380 Z=250.000) RuntimeGrid:None EditorOnly:0 RuntimeOnly:0 HLODRelevant:1 ListedInSceneOutliner:1 IsMainWorldOnly:0
 |   |   |- [+] [ 27]
 |   |   |   |- Guid:69F1BCDB4FCB95CA07849489E5987936 BaseClass: NativeClass:/Script/Engine.StaticMeshActor Name:StaticMeshActor_UAID_047C16C204B6FAB301_1862283328 Label:CubeGridToolOutput30 SpatiallyLoaded:1 Bounds:IsValid=true, Min=(X=268.667 Y=772.772 Z=685.525), Max=(X=1018.667 Y=1522.772 Z=910.525) RuntimeGrid:None EditorOnly:0 RuntimeOnly:0 HLODRelevant:1 ListedInSceneOutliner:1 IsMainWorldOnly:0
 |   |   |- [+] [ 28]
 |   |   |   |- Guid:6EB0732C49F04150557C24B64F08579A BaseClass: NativeClass:/Script/Engine.StaticMeshActor Name:StaticMeshActor_UAID_ACED5C98F2A020B701_1790996047 Label:CubeGridToolOutput_C098F8C0 SpatiallyLoaded:1 Bounds:IsValid=true, Min=(X=-1473.016 Y=2292.954 Z=2523.772), Max=(X=-1173.016 Y=2492.954 Z=2598.772) RuntimeGrid:None EditorOnly:0 RuntimeOnly:0 HLODRelevant:1 ListedInSceneOutliner:1 IsMainWorldOnly:0
 |   |   |- [+] [ 29]
 |   |   |   |- Guid:6FEFB3BD4EB37B849EF0D4AC80F83855 BaseClass: NativeClass:/Script/Engine.WorldDataLayers Name:WorldDataLayers Label:WorldDataLayers SpatiallyLoaded:0 Bounds:IsValid=true, Min=(X=0.000 Y=0.000 Z=0.000), Max=(X=0.000 Y=0.000 Z=0.000) RuntimeGrid:None EditorOnly:0 RuntimeOnly:0 HLODRelevant:0 ListedInSceneOutliner:1 IsMainWorldOnly:1
 |   |   |- [+] [ 30]
 |   |   |   |- Guid:7F4B5B32432CB388160D378D94977FCA BaseClass: NativeClass:/Script/Engine.StaticMeshActor Name:StaticMeshActor_UAID_047C16C204B6FBB301_1221427506 Label:CubeGridToolOutput32 SpatiallyLoaded:1 Bounds:IsValid=true, Min=(X=1990.000 Y=1420.000 Z=8.388), Max=(X=2090.000 Y=2395.000 Z=1183.388) RuntimeGrid:None EditorOnly:0 RuntimeOnly:0 HLODRelevant:1 ListedInSceneOutliner:1 IsMainWorldOnly:0
 |   |   |- [+] [ 31]
 |   |   |   |- Guid:80722E3A49EC961E934B00AE95656EA8 BaseClass: NativeClass:/Script/Engine.StaticMeshActor Name:StaticMeshActor_UAID_047C16C204B6F8B301_1614702943 Label:CubeGridToolOutput12 SpatiallyLoaded:1 Bounds:IsValid=true, Min=(X=1615.461 Y=370.000 Z=-100.000), Max=(X=1915.461 Y=670.000 Z=0.000) RuntimeGrid:None EditorOnly:0 RuntimeOnly:0 HLODRelevant:1 ListedInSceneOutliner:1 IsMainWorldOnly:0
 |   |   |- [+] [ 32]
 |   |   |   |- Guid:8A3B1B2C49517B20003B07BD916BCD35 BaseClass: NativeClass:/Script/Engine.StaticMeshActor Name:StaticMeshActor_UAID_ACED5C98F2A052AE01_1390662336 Label:Torus SpatiallyLoaded:1 Bounds:IsValid=true, Min=(X=725.000 Y=835.000 Z=0.000), Max=(X=875.000 Y=985.000 Z=50.000) RuntimeGrid:None EditorOnly:0 RuntimeOnly:0 HLODRelevant:0 ListedInSceneOutliner:1 IsMainWorldOnly:0
 |   |   |- [+] [ 33]
 |   |   |   |- Guid:8C8794D6458A04A22C1A939FAEC787ED BaseClass: NativeClass:/Script/Engine.StaticMeshActor Name:StaticMeshActor_UAID_047C16C204B6F8B301_1610007940 Label:CubeGridToolOutput9 SpatiallyLoaded:1 Bounds:IsValid=true, Min=(X=1294.350 Y=370.000 Z=-100.000), Max=(X=1594.350 Y=670.000 Z=0.000) RuntimeGrid:None EditorOnly:0 RuntimeOnly:0 HLODRelevant:1 ListedInSceneOutliner:1 IsMainWorldOnly:0
 |   |   |- [+] [ 34]
 |   |   |   |- Guid:95A01DAB4B13756BAEF5AABD97865572 BaseClass: NativeClass:/Script/Engine.StaticMeshActor Name:StaticMeshActor_UAID_ACED5C98F2A020B701_1780281042 Label:CubeGridToolOutput_317C5B17 SpatiallyLoaded:1 Bounds:IsValid=true, Min=(X=-1472.654 Y=3027.019 Z=2483.614), Max=(X=-872.654 Y=3327.019 Z=2596.114) RuntimeGrid:None EditorOnly:0 RuntimeOnly:0 HLODRelevant:1 ListedInSceneOutliner:1 IsMainWorldOnly:0
 |   |   |- [+] [ 35]
 |   |   |   |- Guid:9C21346246F90C10F6AA5F8AFB857DA0 BaseClass: NativeClass:/Script/Engine.StaticMeshActor Name:StaticMeshActor_UAID_ACED5C98F2A020B701_1796945049 Label:CubeGridToolOutput_FD47D5C2 SpatiallyLoaded:1 Bounds:IsValid=true, Min=(X=-1806.265 Y=3040.414 Z=2532.410), Max=(X=-1506.265 Y=3340.414 Z=2644.910) RuntimeGrid:None EditorOnly:0 RuntimeOnly:0 HLODRelevant:1 ListedInSceneOutliner:1 IsMainWorldOnly:0
 |   |   |- [+] [ 36]
 |   |   |   |- Guid:9CDEE7984F1B2657A4F46E9553B016F5 BaseClass: NativeClass:/Script/Engine.StaticMeshActor Name:StaticMeshActor_UAID_047C16C204B6F8B301_1517254938 Label:CubeGridToolOutput7 SpatiallyLoaded:1 Bounds:IsValid=true, Min=(X=970.000 Y=690.000 Z=-100.000), Max=(X=1270.000 Y=990.000 Z=0.000) RuntimeGrid:None EditorOnly:0 RuntimeOnly:0 HLODRelevant:1 ListedInSceneOutliner:1 IsMainWorldOnly:0
 |   |   |- [+] [ 37]
 |   |   |   |- Guid:A354B1B24E617A525DC6B48CCDE2417E BaseClass: NativeClass:/Script/Engine.PlayerStart Name:PlayerStart_0 Label:PlayerStart SpatiallyLoaded:0 Bounds:IsValid=true, Min=(X=1400.000 Y=490.000 Z=0.013), Max=(X=1480.000 Y=570.000 Z=184.013) RuntimeGrid:None EditorOnly:0 RuntimeOnly:0 HLODRelevant:0 ListedInSceneOutliner:1 IsMainWorldOnly:0
 |   |   |- [+] [ 38]
 |   |   |   |- Guid:A59BF6F746EBBBAD0FE3859F131E9D49 BaseClass: NativeClass:/Script/Engine.StaticMeshActor Name:StaticMeshActor_UAID_047C16C204B6F8B301_1955061952 Label:CubeGridToolOutput16 SpatiallyLoaded:1 Bounds:IsValid=true, Min=(X=1507.500 Y=365.000 Z=0.000), Max=(X=1595.000 Y=440.000 Z=12.500) RuntimeGrid:None EditorOnly:0 RuntimeOnly:0 HLODRelevant:1 ListedInSceneOutliner:1 IsMainWorldOnly:0
 |   |   |- [+] [ 39]
 |   |   |   |- Guid:A61BBFA845FB6DE3E3DEBB835FAEB17C BaseClass: NativeClass:/Script/Engine.StaticMeshActor Name:StaticMeshActor_UAID_047C16C204B6F9B301_1608332139 Label:CubeGridToolOutput21 SpatiallyLoaded:1 Bounds:IsValid=true, Min=(X=1980.000 Y=370.000 Z=590.000), Max=(X=2080.000 Y=670.000 Z=740.000) RuntimeGrid:None EditorOnly:0 RuntimeOnly:0 HLODRelevant:1 ListedInSceneOutliner:1 IsMainWorldOnly:0
 |   |   |- [+] [ 40]
 |   |   |   |- Guid:AA36C61742209EB5A6D8D0A00CC5ED41 BaseClass: NativeClass:/Script/Engine.StaticMeshActor Name:StaticMeshActor_UAID_047C16C204B6FAB301_2107185329 Label:CubeGridToolOutput31 SpatiallyLoaded:1 Bounds:IsValid=true, Min=(X=1990.000 Y=695.000 Z=8.388), Max=(X=2090.000 Y=1370.000 Z=733.388) RuntimeGrid:None EditorOnly:0 RuntimeOnly:0 HLODRelevant:1 ListedInSceneOutliner:1 IsMainWorldOnly:0
 |   |   |- [+] [ 41]
 |   |   |   |- Guid:ABF5D6424B402B379DB8B885E327D3DB BaseClass: NativeClass:/Script/Engine.StaticMeshActor Name:StaticMeshActor_UAID_047C16C204B6F8B301_1183358838 Label:CubeGridToolOutput6 SpatiallyLoaded:1 Bounds:IsValid=true, Min=(X=970.000 Y=370.000 Z=-100.000), Max=(X=1270.000 Y=670.000 Z=0.000) RuntimeGrid:None EditorOnly:0 RuntimeOnly:0 HLODRelevant:1 ListedInSceneOutliner:1 IsMainWorldOnly:0
 |   |   |- [+] [ 42]
 |   |   |   |- Guid:C0C56B9644AE3D40CAFF6A878DB29844 BaseClass: NativeClass:/Script/Engine.StaticMeshActor Name:StaticMeshActor_UAID_A4AE111137DC5EFB00_2001720423 Label:SM_SkySphere SpatiallyLoaded:0 Bounds:IsValid=true, Min=(X=-1638400.000 Y=-1638400.000 Z=-1638400.000), Max=(X=1638400.000 Y=1638400.000 Z=1638400.000) RuntimeGrid:None EditorOnly:0 RuntimeOnly:0 HLODRelevant:1 ListedInSceneOutliner:1 IsMainWorldOnly:0 FolderPath:Lighting FolderGuid:0BA5F0A04EADB18E70D5B180D08FA34B
 |   |   |- [+] [ 43]
 |   |   |   |- Guid:C22CE07C4B87D685137FDBBC10FC92C6 BaseClass: NativeClass:/Script/Engine.SkyAtmosphere Name:SkyAtmosphere_0 Label:SkyAtmosphere SpatiallyLoaded:0 Bounds:IsValid=true, Min=(X=0.000 Y=0.000 Z=1020.000), Max=(X=0.000 Y=0.000 Z=1020.000) RuntimeGrid:None EditorOnly:0 RuntimeOnly:0 HLODRelevant:0 ListedInSceneOutliner:1 IsMainWorldOnly:0 FolderPath:Lighting FolderGuid:0BA5F0A04EADB18E70D5B180D08FA34B
 |   |   |- [+] [ 44]
 |   |   |   |- Guid:C5BE380C45F86D26DA231B9EF716B139 BaseClass: NativeClass:/Script/Engine.StaticMeshActor Name:StaticMeshActor_UAID_047C16C204B6F9B301_1782092142 Label:CubeGridToolOutput24 SpatiallyLoaded:1 Bounds:IsValid=true, Min=(X=1621.684 Y=380.000 Z=210.000), Max=(X=1921.684 Y=680.000 Z=510.000) RuntimeGrid:None EditorOnly:0 RuntimeOnly:0 HLODRelevant:1 ListedInSceneOutliner:1 IsMainWorldOnly:0
 |   |   |- [+] [ 45]
 |   |   |   |- Guid:C6E89D4A444140CFAEEB828FAD07BC8F BaseClass: NativeClass:/Script/Engine.StaticMeshActor Name:StaticMeshActor_UAID_047C16C204B6FAB301_1212837324 Label:CubeGridToolOutput29 SpatiallyLoaded:1 Bounds:IsValid=true, Min=(X=1621.684 Y=370.000 Z=510.000), Max=(X=1921.684 Y=670.000 Z=560.000) RuntimeGrid:None EditorOnly:0 RuntimeOnly:0 HLODRelevant:1 ListedInSceneOutliner:1 IsMainWorldOnly:0
 |   |   |- [+] [ 46]
 |   |   |   |- Guid:CE8D82634660FCDB3120E2B8D547C533 BaseClass: NativeClass:/Script/Engine.PostProcessVolume Name:PostProcessVolume_0 Label:PostProcessVolume SpatiallyLoaded:0 Bounds:IsValid=true, Min=(X=0.000 Y=0.000 Z=400.000), Max=(X=200.000 Y=200.000 Z=600.000) RuntimeGrid:None EditorOnly:0 RuntimeOnly:0 HLODRelevant:0 ListedInSceneOutliner:1 IsMainWorldOnly:0 FolderPath:Lighting FolderGuid:0BA5F0A04EADB18E70D5B180D08FA34B
 |   |   |- [+] [ 47]
 |   |   |   |- Guid:D081C0C64180203262AC9F8C7D72A523 BaseClass: NativeClass:/Script/Engine.StaticMeshActor Name:StaticMeshActor_UAID_047C16C204B6FAB301_1478080325 Label:CubeGridToolOutput26 SpatiallyLoaded:1 Bounds:IsValid=true, Min=(X=622.624 Y=1082.195 Z=200.000), Max=(X=722.624 Y=1182.195 Z=450.000) RuntimeGrid:None EditorOnly:0 RuntimeOnly:0 HLODRelevant:1 ListedInSceneOutliner:1 IsMainWorldOnly:0
 |   |   |- [+] [ 48]
 |   |   |   |- Guid:D9F1ED384FA7F1C6EB62DF8A56AE083D BaseClass: NativeClass:/Script/Engine.StaticMeshActor Name:StaticMeshActor_UAID_047C16C204B6F3B301_1903825957 Label:CubeGridToolOutput5 SpatiallyLoaded:1 Bounds:IsValid=true, Min=(X=522.624 Y=982.195 Z=-0.000), Max=(X=822.624 Y=1282.195 Z=150.000) RuntimeGrid:None EditorOnly:0 RuntimeOnly:0 HLODRelevant:1 ListedInSceneOutliner:1 IsMainWorldOnly:0
 |   |   |- [+] [ 49]
 |   |   |   |- Guid:DFAB153D48B75F4447A57B8A29A0A0E6 BaseClass: NativeClass:/Script/Engine.StaticMeshActor Name:StaticMeshActor_UAID_047C16C204B6F8B301_1610008941 Label:CubeGridToolOutput10 SpatiallyLoaded:1 Bounds:IsValid=true, Min=(X=1294.350 Y=690.000 Z=-100.000), Max=(X=1594.350 Y=990.000 Z=0.000) RuntimeGrid:None EditorOnly:0 RuntimeOnly:0 HLODRelevant:1 ListedInSceneOutliner:1 IsMainWorldOnly:0
 |   |   |- [+] [ 50]
 |   |   |   |- Guid:DFE10B6446977982CAB955863E23DB5C BaseClass: NativeClass:/Script/Engine.StaticMeshActor Name:StaticMeshActor_UAID_047C16C204B6F8B301_1614703944 Label:CubeGridToolOutput13 SpatiallyLoaded:1 Bounds:IsValid=true, Min=(X=1615.461 Y=690.000 Z=-100.000), Max=(X=1915.461 Y=990.000 Z=0.000) RuntimeGrid:None EditorOnly:0 RuntimeOnly:0 HLODRelevant:1 ListedInSceneOutliner:1 IsMainWorldOnly:0
 |   |   |- [+] [ 51]
 |   |   |   |- Guid:E44B0C394FE5E9D0551271834A6FB769 BaseClass: NativeClass:/Script/Engine.StaticMeshActor Name:StaticMeshActor_UAID_047C16C204B6F8B301_1614703945 Label:CubeGridToolOutput14 SpatiallyLoaded:1 Bounds:IsValid=true, Min=(X=1615.461 Y=1006.130 Z=-100.000), Max=(X=1915.461 Y=1306.130 Z=-0.000) RuntimeGrid:None EditorOnly:0 RuntimeOnly:0 HLODRelevant:1 ListedInSceneOutliner:1 IsMainWorldOnly:0
 |   |   |- [+] [ 52]
 |   |   |   |- Guid:E5320C1B4FD9764CE7B54D8487AEC613 BaseClass: NativeClass:/Script/Engine.SkyLight Name:SkyLight_0 Label:SkyLight SpatiallyLoaded:0 Bounds:IsValid=true, Min=(X=0.000 Y=0.000 Z=690.000), Max=(X=0.000 Y=0.000 Z=690.000) RuntimeGrid:None EditorOnly:0 RuntimeOnly:0 HLODRelevant:0 ListedInSceneOutliner:1 IsMainWorldOnly:0 FolderPath:Lighting FolderGuid:0BA5F0A04EADB18E70D5B180D08FA34B
 |   |   |- [+] [ 53]
 |   |   |   |- Guid:EC2ED8E44117ECAA2CD4ABBA224C6991 BaseClass: NativeClass:/Script/Engine.StaticMeshActor Name:StaticMeshActor_UAID_047C16C204B6F9B301_1515214138 Label:CubeGridToolOutput20 SpatiallyLoaded:1 Bounds:IsValid=true, Min=(X=1615.000 Y=1353.414 Z=-90.000), Max=(X=1927.500 Y=1653.414 Z=10.000) RuntimeGrid:None EditorOnly:0 RuntimeOnly:0 HLODRelevant:1 ListedInSceneOutliner:1 IsMainWorldOnly:0
 |   |   |- [+] [ 54]
 |   |   |   |- Guid:EE66F4454A4A9F99393F559AB739C05E BaseClass:/Game/FirstPerson/Blueprints/BP_Pickup_Rifle.BP_Pickup_Rifle_C NativeClass:/Script/Engine.Actor Name:BP_Rifle_C_1 Label:BP_Pickup_Rifle SpatiallyLoaded:1 Bounds:IsValid=true, Min=(X=1378.000 Y=818.000 Z=64.000), Max=(X=1442.000 Y=907.440 Z=128.000) RuntimeGrid:None EditorOnly:0 RuntimeOnly:0 HLODRelevant:0 ListedInSceneOutliner:1 IsMainWorldOnly:0
 |   |   |- [+] [ 55]
 |   |   |   |- Guid:F80621C9446867154938FE81375207DA BaseClass: NativeClass:/Script/Engine.DirectionalLight Name:DirectionalLight_1 Label:DirectionalLight SpatiallyLoaded:0 Bounds:IsValid=true, Min=(X=-1048576.000 Y=-1048576.000 Z=-1048576.000), Max=(X=1048576.000 Y=1048576.000 Z=1048576.000) RuntimeGrid:None EditorOnly:0 RuntimeOnly:0 HLODRelevant:0 ListedInSceneOutliner:1 IsMainWorldOnly:0 FolderPath:Lighting FolderGuid:0BA5F0A04EADB18E70D5B180D08FA34B
 |   |   |- [+] [ 56]
 |   |   |   |- Guid:FC380B054D977C30FFBDD9A8A64DD7DF BaseClass: NativeClass:/Script/Engine.StaticMeshActor Name:StaticMeshActor_UAID_ACED5C98F2A020B701_1787148045 Label:CubeGridToolOutput_B61C866F SpatiallyLoaded:1 Bounds:IsValid=true, Min=(X=-1454.337 Y=2668.190 Z=2498.465), Max=(X=-1154.337 Y=2968.190 Z=2610.965) RuntimeGrid:None EditorOnly:0 RuntimeOnly:0 HLODRelevant:1 ListedInSceneOutliner:1 IsMainWorldOnly:0
 |   |   |- [+] [ 57]
 |   |   |   |- Guid:FC3B417D400340474B1FD183A7EE8159 BaseClass: NativeClass:/Script/Engine.StaticMeshActor Name:StaticMeshActor_UAID_047C16C204B6F8B301_1601867939 Label:CubeGridToolOutput8 SpatiallyLoaded:1 Bounds:IsValid=true, Min=(X=970.000 Y=1006.130 Z=-100.000), Max=(X=1270.000 Y=1306.130 Z=-0.000) RuntimeGrid:None EditorOnly:0 RuntimeOnly:0 HLODRelevant:1 ListedInSceneOutliner:1 IsMainWorldOnly:0
 |- ContainerInstances:
 |- [+] MainContainer:
 |   |-        ID: 00000000000000000000000000000000
 |   |-  ParentID: 00000000000000000000000000000000
 |   |-    Bounds: IsValid=false, Min=(X=0.000 Y=0.000 Z=0.000), Max=(X=0.000 Y=0.000 Z=0.000)
 |   |- Transform: 0.000000,0.000000,0.000000|0.000000,0.000000,-0.000000|1.000000,1.000000,1.000000
 |   |- Container: /Game/FirstPerson/Maps/FirstPersonMap
----------------------------------------------------------------------------------------------------------------
FirstPersonMap - Persistent Level
----------------------------------------------------------------------------------------------------------------
[+] Content of FirstPersonMap Persistent Level
 |- Always loaded Actor Count: 73 
 |- Actor Path: /Game/FirstPerson/Maps/FirstPersonMap.FirstPersonMap:PersistentLevel.AbstractNavData-Default
 |- Actor Package: /Game/FirstPerson/Maps/FirstPersonMap
 |- Actor Path: /Game/FirstPerson/Maps/FirstPersonMap.FirstPersonMap:PersistentLevel.BP_Rifle_C_1
 |- Actor Package: /Game/__ExternalActors__/FirstPerson/Maps/FirstPersonMap/5/8C/EAHCBN229IT8APJO305AH5
 |- Actor Path: /Game/FirstPerson/Maps/FirstPersonMap.FirstPersonMap:PersistentLevel.Brush_0
 |- Actor Package: /Game/FirstPerson/Maps/FirstPersonMap
 |- Actor Path: /Game/FirstPerson/Maps/FirstPersonMap.FirstPersonMap:PersistentLevel.DefaultPhysicsVolume_0
 |- Actor Package: /Game/FirstPerson/Maps/FirstPersonMap
 |- Actor Path: /Game/FirstPerson/Maps/FirstPersonMap.FirstPersonMap:PersistentLevel.DirectionalLight_1
 |- Actor Package: /Game/__ExternalActors__/FirstPerson/Maps/FirstPersonMap/0/WB/V4ALNTJYOVWM8BU452CKV5
 |- Actor Path: /Game/FirstPerson/Maps/FirstPersonMap.FirstPersonMap:PersistentLevel.ExponentialHeightFog_0
 |- Actor Package: /Game/__ExternalActors__/FirstPerson/Maps/FirstPersonMap/0/CL/381LM03PFI8AF9NED1SEV2
 |- Actor Path: /Game/FirstPerson/Maps/FirstPersonMap.FirstPersonMap:PersistentLevel.FirstPersonExampleMap_C_1
 |- Actor Package: /Game/FirstPerson/Maps/FirstPersonMap
 |- Actor Path: /Game/FirstPerson/Maps/FirstPersonMap.FirstPersonMap:PersistentLevel.GameplayDebuggerPlayerManager_0
 |- Actor Package: /Game/FirstPerson/Maps/FirstPersonMap
 |- Actor Path: /Game/FirstPerson/Maps/FirstPersonMap.FirstPersonMap:PersistentLevel.GroupActor_UAID_047C16C204B6F8B301_2129574953
 |- Actor Package: /Game/__ExternalActors__/FirstPerson/Maps/FirstPersonMap/6/QF/JOTDJKJNY6GLCSBS3JC8SZ
 |- Actor Path: /Game/FirstPerson/Maps/FirstPersonMap.FirstPersonMap:PersistentLevel.GroupActor_UAID_047C16C204B6F8B301_2133898954
 |- Actor Package: /Game/__ExternalActors__/FirstPerson/Maps/FirstPersonMap/2/FI/0MMZQ7GIY0BYZD7PYYSSM1
 |- Actor Path: /Game/FirstPerson/Maps/FirstPersonMap.FirstPersonMap:PersistentLevel.GroupActor_UAID_047C16C204B6F8B301_2136476955
 |- Actor Package: /Game/__ExternalActors__/FirstPerson/Maps/FirstPersonMap/8/59/RTI7RSPKRRTAF9M8MY7919
 |- Actor Path: /Game/FirstPerson/Maps/FirstPersonMap.FirstPersonMap:PersistentLevel.GroupActor_UAID_047C16C204B6F8B301_2138440956
 |- Actor Package: /Game/__ExternalActors__/FirstPerson/Maps/FirstPersonMap/4/UY/88G03H83LQ5FCBOR0ORO49
 |- Actor Path: /Game/FirstPerson/Maps/FirstPersonMap.FirstPersonMap:PersistentLevel.GroupActor_UAID_047C16C204B6F8B301_2141463957
 |- Actor Package: /Game/__ExternalActors__/FirstPerson/Maps/FirstPersonMap/B/ZT/NT5U0FT4D1S0P5RDCVSTYB
 |- Actor Path: /Game/FirstPerson/Maps/FirstPersonMap.FirstPersonMap:PersistentLevel.GroupActor_UAID_047C16C204B6FBB301_1416103507
 |- Actor Package: /Game/__ExternalActors__/FirstPerson/Maps/FirstPersonMap/E/TW/UIS2KGMITQ7YV28FDAR9EU
 |- Actor Path: /Game/FirstPerson/Maps/FirstPersonMap.FirstPersonMap:PersistentLevel.GroupActor_UAID_047C16C204B6FBB301_1417921508
 |- Actor Package: /Game/__ExternalActors__/FirstPerson/Maps/FirstPersonMap/8/JW/TB1SYL97T36MVLNSHOABIY
 |- Actor Path: /Game/FirstPerson/Maps/FirstPersonMap.FirstPersonMap:PersistentLevel.GroupActor_UAID_047C16C204B6FBB301_1420368509
 |- Actor Package: /Game/__ExternalActors__/FirstPerson/Maps/FirstPersonMap/2/9Z/VMT6GPNX4UT6VEHEGTVTW4
 |- Actor Path: /Game/FirstPerson/Maps/FirstPersonMap.FirstPersonMap:PersistentLevel.PlayerStart_0
 |- Actor Package: /Game/__ExternalActors__/FirstPerson/Maps/FirstPersonMap/8/Z7/W1SXRCM1KAKBJOIZDLHZ47
 |- Actor Path: /Game/FirstPerson/Maps/FirstPersonMap.FirstPersonMap:PersistentLevel.PostProcessVolume_0
 |- Actor Package: /Game/__ExternalActors__/FirstPerson/Maps/FirstPersonMap/E/MX/R1GV431P5FDO08OFULRA01
 |- Actor Path: /Game/FirstPerson/Maps/FirstPersonMap.FirstPersonMap:PersistentLevel.SkyAtmosphere_0
 |- Actor Package: /Game/__ExternalActors__/FirstPerson/Maps/FirstPersonMap/C/VO/VMN4G7K3NKKV6F8HTPHHDB
 |- Actor Path: /Game/FirstPerson/Maps/FirstPersonMap.FirstPersonMap:PersistentLevel.SkyLight_0
 |- Actor Package: /Game/__ExternalActors__/FirstPerson/Maps/FirstPersonMap/6/0Z/5RQIHCZ9W3UXRGL4LTLQAK
 |- Actor Path: /Game/FirstPerson/Maps/FirstPersonMap.FirstPersonMap:PersistentLevel.StaticMeshActor_UAID_047C16C204B6F3B301_1745491952
 |- Actor Package: /Game/__ExternalActors__/FirstPerson/Maps/FirstPersonMap/0/T4/BN3RRUD9XQGJ60ELP43T62
 |- Actor Path: /Game/FirstPerson/Maps/FirstPersonMap.FirstPersonMap:PersistentLevel.StaticMeshActor_UAID_047C16C204B6F3B301_1903825957
 |- Actor Package: /Game/__ExternalActors__/FirstPerson/Maps/FirstPersonMap/A/0P/MVF8Y72JFYPA8WIX4GFSZ4
 |- Actor Path: /Game/FirstPerson/Maps/FirstPersonMap.FirstPersonMap:PersistentLevel.StaticMeshActor_UAID_047C16C204B6F8B301_1183358838
 |- Actor Package: /Game/__ExternalActors__/FirstPerson/Maps/FirstPersonMap/1/10/703589OJDPRT20ECYUA9DG
 |- Actor Path: /Game/FirstPerson/Maps/FirstPersonMap.FirstPersonMap:PersistentLevel.StaticMeshActor_UAID_047C16C204B6F8B301_1517254938
 |- Actor Package: /Game/__ExternalActors__/FirstPerson/Maps/FirstPersonMap/3/YA/T8VHZ59LIWBN9HZH6KCSZ5
 |- Actor Path: /Game/FirstPerson/Maps/FirstPersonMap.FirstPersonMap:PersistentLevel.StaticMeshActor_UAID_047C16C204B6F8B301_1601867939
 |- Actor Package: /Game/__ExternalActors__/FirstPerson/Maps/FirstPersonMap/E/AZ/CIA80QVBTKOX9PCNN3JDOY
 |- Actor Path: /Game/FirstPerson/Maps/FirstPersonMap.FirstPersonMap:PersistentLevel.StaticMeshActor_UAID_047C16C204B6F8B301_1610007940
 |- Actor Package: /Game/__ExternalActors__/FirstPerson/Maps/FirstPersonMap/1/J5/POI12XCPFTK9GIQOKS61CE
 |- Actor Path: /Game/FirstPerson/Maps/FirstPersonMap.FirstPersonMap:PersistentLevel.StaticMeshActor_UAID_047C16C204B6F8B301_1610008941
 |- Actor Package: /Game/__ExternalActors__/FirstPerson/Maps/FirstPersonMap/3/IR/X16SJPE9SVMDQN56IZOOXI
 |- Actor Path: /Game/FirstPerson/Maps/FirstPersonMap.FirstPersonMap:PersistentLevel.StaticMeshActor_UAID_047C16C204B6F8B301_1610009942
 |- Actor Package: /Game/__ExternalActors__/FirstPerson/Maps/FirstPersonMap/8/CQ/MYROLNKFZFUOS08M4Q2YCP
 |- Actor Path: /Game/FirstPerson/Maps/FirstPersonMap.FirstPersonMap:PersistentLevel.StaticMeshActor_UAID_047C16C204B6F8B301_1614702943
 |- Actor Package: /Game/__ExternalActors__/FirstPerson/Maps/FirstPersonMap/3/TG/VOQH1O0VZ50XWVVNYUR3J3
 |- Actor Path: /Game/FirstPerson/Maps/FirstPersonMap.FirstPersonMap:PersistentLevel.StaticMeshActor_UAID_047C16C204B6F8B301_1614703944
 |- Actor Package: /Game/__ExternalActors__/FirstPerson/Maps/FirstPersonMap/8/8E/UP1UF4Z9JOLCQLY711FMTU
 |- Actor Path: /Game/FirstPerson/Maps/FirstPersonMap.FirstPersonMap:PersistentLevel.StaticMeshActor_UAID_047C16C204B6F8B301_1614703945
 |- Actor Package: /Game/__ExternalActors__/FirstPerson/Maps/FirstPersonMap/D/X4/19BFH8XBEU50U41BFMNEO2
 |- Actor Path: /Game/FirstPerson/Maps/FirstPersonMap.FirstPersonMap:PersistentLevel.StaticMeshActor_UAID_047C16C204B6F8B301_1861238948
 |- Actor Package: /Game/__ExternalActors__/FirstPerson/Maps/FirstPersonMap/0/FJ/3Q707RZ7CGCTQIX3MOEOQO
 |- Actor Path: /Game/FirstPerson/Maps/FirstPersonMap.FirstPersonMap:PersistentLevel.StaticMeshActor_UAID_047C16C204B6F8B301_1868201949
 |- Actor Package: /Game/__ExternalActors__/FirstPerson/Maps/FirstPersonMap/B/CS/JI64G3E4986SOZI828MY44
 |- Actor Path: /Game/FirstPerson/Maps/FirstPersonMap.FirstPersonMap:PersistentLevel.StaticMeshActor_UAID_047C16C204B6F8B301_1883553950
 |- Actor Package: /Game/__ExternalActors__/FirstPerson/Maps/FirstPersonMap/E/4M/H9IX6GL4UBDDZDFKMPGE06
 |- Actor Path: /Game/FirstPerson/Maps/FirstPersonMap.FirstPersonMap:PersistentLevel.StaticMeshActor_UAID_047C16C204B6F8B301_1909295951
 |- Actor Package: /Game/__ExternalActors__/FirstPerson/Maps/FirstPersonMap/E/FZ/Z3YSP1G687RHS2WIA9BT6W
 |- Actor Path: /Game/FirstPerson/Maps/FirstPersonMap.FirstPersonMap:PersistentLevel.StaticMeshActor_UAID_047C16C204B6F8B301_1955061952
 |- Actor Package: /Game/__ExternalActors__/FirstPerson/Maps/FirstPersonMap/B/Y7/HU4NO715F5NRW9NW2XY0A7
 |- Actor Path: /Game/FirstPerson/Maps/FirstPersonMap.FirstPersonMap:PersistentLevel.StaticMeshActor_UAID_047C16C204B6F9B301_1207435134
 |- Actor Package: /Game/__ExternalActors__/FirstPerson/Maps/FirstPersonMap/C/SW/HY2SIHJCDOUI6A3MP3EYBU
 |- Actor Path: /Game/FirstPerson/Maps/FirstPersonMap.FirstPersonMap:PersistentLevel.StaticMeshActor_UAID_047C16C204B6F9B301_1277208135
 |- Actor Package: /Game/__ExternalActors__/FirstPerson/Maps/FirstPersonMap/B/T1/ACNWLU3WWHIOAFGC1PWRRW
 |- Actor Path: /Game/FirstPerson/Maps/FirstPersonMap.FirstPersonMap:PersistentLevel.StaticMeshActor_UAID_047C16C204B6F9B301_1456436136
 |- Actor Package: /Game/__ExternalActors__/FirstPerson/Maps/FirstPersonMap/6/IN/H8GAA50IDNRMCKWQWA18VU
 |- Actor Path: /Game/FirstPerson/Maps/FirstPersonMap.FirstPersonMap:PersistentLevel.StaticMeshActor_UAID_047C16C204B6F9B301_1515214138
 |- Actor Package: /Game/__ExternalActors__/FirstPerson/Maps/FirstPersonMap/D/SY/KXFGVP2JTGLOFRQHSH6MV3
 |- Actor Path: /Game/FirstPerson/Maps/FirstPersonMap.FirstPersonMap:PersistentLevel.StaticMeshActor_UAID_047C16C204B6F9B301_1608332139
 |- Actor Package: /Game/__ExternalActors__/FirstPerson/Maps/FirstPersonMap/B/2W/KU5BDA4FPFL1WYE6S5KZXR
 |- Actor Path: /Game/FirstPerson/Maps/FirstPersonMap.FirstPersonMap:PersistentLevel.StaticMeshActor_UAID_047C16C204B6F9B301_1761114140
 |- Actor Package: /Game/__ExternalActors__/FirstPerson/Maps/FirstPersonMap/E/37/2WI4RDURFWHMH93J5Q0HG8
 |- Actor Path: /Game/FirstPerson/Maps/FirstPersonMap.FirstPersonMap:PersistentLevel.StaticMeshActor_UAID_047C16C204B6F9B301_1768635141
 |- Actor Package: /Game/__ExternalActors__/FirstPerson/Maps/FirstPersonMap/0/8J/M7JFNBUXZY66NLH2TL7PVL
 |- Actor Path: /Game/FirstPerson/Maps/FirstPersonMap.FirstPersonMap:PersistentLevel.StaticMeshActor_UAID_047C16C204B6F9B301_1782092142
 |- Actor Package: /Game/__ExternalActors__/FirstPerson/Maps/FirstPersonMap/B/YQ/VA0R1GTUFJ86X9UN248CRI
 |- Actor Path: /Game/FirstPerson/Maps/FirstPersonMap.FirstPersonMap:PersistentLevel.StaticMeshActor_UAID_047C16C204B6FAB301_1193501322
 |- Actor Package: /Game/__ExternalActors__/FirstPerson/Maps/FirstPersonMap/0/WW/OU3BE4L97NMEK0DAMK9LS2
 |- Actor Path: /Game/FirstPerson/Maps/FirstPersonMap.FirstPersonMap:PersistentLevel.StaticMeshActor_UAID_047C16C204B6FAB301_1204862323
 |- Actor Package: /Game/__ExternalActors__/FirstPerson/Maps/FirstPersonMap/B/8D/VR5RT4OUE6NHATHJ2YYFNJ
 |- Actor Path: /Game/FirstPerson/Maps/FirstPersonMap.FirstPersonMap:PersistentLevel.StaticMeshActor_UAID_047C16C204B6FAB301_1212837324
 |- Actor Package: /Game/__ExternalActors__/FirstPerson/Maps/FirstPersonMap/4/WR/CPOHZZCWX6YWCEX8XSBJKV
 |- Actor Path: /Game/FirstPerson/Maps/FirstPersonMap.FirstPersonMap:PersistentLevel.StaticMeshActor_UAID_047C16C204B6FAB301_1478080325
 |- Actor Package: /Game/__ExternalActors__/FirstPerson/Maps/FirstPersonMap/7/UH/42OCHT15XOHS0E6LCXZ7PL
 |- Actor Path: /Game/FirstPerson/Maps/FirstPersonMap.FirstPersonMap:PersistentLevel.StaticMeshActor_UAID_047C16C204B6FAB301_1498892326
 |- Actor Package: /Game/__ExternalActors__/FirstPerson/Maps/FirstPersonMap/6/H5/ZJ5ZLKOOC0ETYJ7T67PXQP
 |- Actor Path: /Game/FirstPerson/Maps/FirstPersonMap.FirstPersonMap:PersistentLevel.StaticMeshActor_UAID_047C16C204B6FAB301_1862283328
 |- Actor Package: /Game/__ExternalActors__/FirstPerson/Maps/FirstPersonMap/1/XN/NLH3Z5CQTQE0M2B57D13IP
 |- Actor Path: /Game/FirstPerson/Maps/FirstPersonMap.FirstPersonMap:PersistentLevel.StaticMeshActor_UAID_047C16C204B6FAB301_2107185329
 |- Actor Package: /Game/__ExternalActors__/FirstPerson/Maps/FirstPersonMap/5/SC/5DNQR588FFAAV6T30GJREC
 |- Actor Path: /Game/FirstPerson/Maps/FirstPersonMap.FirstPersonMap:PersistentLevel.StaticMeshActor_UAID_047C16C204B6FBB301_1221427506
 |- Actor Package: /Game/__ExternalActors__/FirstPerson/Maps/FirstPersonMap/8/06/60QQ5QZEVBQHDW4NCR7RVO
 |- Actor Path: /Game/FirstPerson/Maps/FirstPersonMap.FirstPersonMap:PersistentLevel.StaticMeshActor_UAID_047C16C204B6FBB301_1511286510
 |- Actor Package: /Game/__ExternalActors__/FirstPerson/Maps/FirstPersonMap/7/C9/KSLM7V0C7K40WBYCS34KKQ
 |- Actor Path: /Game/FirstPerson/Maps/FirstPersonMap.FirstPersonMap:PersistentLevel.StaticMeshActor_UAID_047C16C204B6FBB301_1763274511
 |- Actor Package: /Game/__ExternalActors__/FirstPerson/Maps/FirstPersonMap/4/9M/XPY7XG1FKQKM6TXSVVXZQ3
 |- Actor Path: /Game/FirstPerson/Maps/FirstPersonMap.FirstPersonMap:PersistentLevel.StaticMeshActor_UAID_047C16C204B6FBB301_1911839512
 |- Actor Package: /Game/__ExternalActors__/FirstPerson/Maps/FirstPersonMap/A/HE/92U89MM98B5ZDROIGZ5LQH
 |- Actor Path: /Game/FirstPerson/Maps/FirstPersonMap.FirstPersonMap:PersistentLevel.StaticMeshActor_UAID_A4AE111137DC5EFB00_2001720423
 |- Actor Package: /Game/__ExternalActors__/FirstPerson/Maps/FirstPersonMap/C/ZU/PDQ0AB8RLNMVID876FD49G
 |- Actor Path: /Game/FirstPerson/Maps/FirstPersonMap.FirstPersonMap:PersistentLevel.StaticMeshActor_UAID_ACED5C98F2A020B701_1753426039
 |- Actor Package: /Game/__ExternalActors__/FirstPerson/Maps/FirstPersonMap/C/O3/GMW55EM4TG38TAK6BJGTWB
 |- Actor Path: /Game/FirstPerson/Maps/FirstPersonMap.FirstPersonMap:PersistentLevel.StaticMeshActor_UAID_ACED5C98F2A020B701_1762682040
 |- Actor Package: /Game/__ExternalActors__/FirstPerson/Maps/FirstPersonMap/7/NR/9IOOQFWILXI0HWVDL0LEV0
 |- Actor Path: /Game/FirstPerson/Maps/FirstPersonMap.FirstPersonMap:PersistentLevel.StaticMeshActor_UAID_ACED5C98F2A020B701_1776823041
 |- Actor Package: /Game/__ExternalActors__/FirstPerson/Maps/FirstPersonMap/B/N9/F13X2O4WQ3PRGVTXUVGPGV
 |- Actor Path: /Game/FirstPerson/Maps/FirstPersonMap.FirstPersonMap:PersistentLevel.StaticMeshActor_UAID_ACED5C98F2A020B701_1780281042
 |- Actor Package: /Game/__ExternalActors__/FirstPerson/Maps/FirstPersonMap/E/KV/LJB1249ZQQCLMB8B8JQLRU
 |- Actor Path: /Game/FirstPerson/Maps/FirstPersonMap.FirstPersonMap:PersistentLevel.StaticMeshActor_UAID_ACED5C98F2A020B701_1782352043
 |- Actor Package: /Game/__ExternalActors__/FirstPerson/Maps/FirstPersonMap/3/ME/6HB6FS842F9JUGWSZC0W8G
 |- Actor Path: /Game/FirstPerson/Maps/FirstPersonMap.FirstPersonMap:PersistentLevel.StaticMeshActor_UAID_ACED5C98F2A020B701_1784969044
 |- Actor Package: /Game/__ExternalActors__/FirstPerson/Maps/FirstPersonMap/E/Q7/VV5A8QSJIQKU9T8NNR3J1Y
 |- Actor Path: /Game/FirstPerson/Maps/FirstPersonMap.FirstPersonMap:PersistentLevel.StaticMeshActor_UAID_ACED5C98F2A020B701_1787148045
 |- Actor Package: /Game/__ExternalActors__/FirstPerson/Maps/FirstPersonMap/6/23/FQFXVHYMIAFFZ9OA8C07P9
 |- Actor Path: /Game/FirstPerson/Maps/FirstPersonMap.FirstPersonMap:PersistentLevel.StaticMeshActor_UAID_ACED5C98F2A020B701_1789186046
 |- Actor Package: /Game/__ExternalActors__/FirstPerson/Maps/FirstPersonMap/4/J6/PR9XALS10MGKLP2OPCSPPV
 |- Actor Path: /Game/FirstPerson/Maps/FirstPersonMap.FirstPersonMap:PersistentLevel.StaticMeshActor_UAID_ACED5C98F2A020B701_1790996047
 |- Actor Package: /Game/__ExternalActors__/FirstPerson/Maps/FirstPersonMap/C/QL/ABOC2RL6PUXWWNKFT5RY5Y
 |- Actor Path: /Game/FirstPerson/Maps/FirstPersonMap.FirstPersonMap:PersistentLevel.StaticMeshActor_UAID_ACED5C98F2A020B701_1794446048
 |- Actor Package: /Game/__ExternalActors__/FirstPerson/Maps/FirstPersonMap/2/06/Y4RHDTWR3SPL64TLYXVQ47
 |- Actor Path: /Game/FirstPerson/Maps/FirstPersonMap.FirstPersonMap:PersistentLevel.StaticMeshActor_UAID_ACED5C98F2A020B701_1796945049
 |- Actor Package: /Game/__ExternalActors__/FirstPerson/Maps/FirstPersonMap/F/5D/44JT8EFANLUG1UE0TRN5EY
 |- Actor Path: /Game/FirstPerson/Maps/FirstPersonMap.FirstPersonMap:PersistentLevel.StaticMeshActor_UAID_ACED5C98F2A052AE01_1390662336
 |- Actor Package: /Game/__ExternalActors__/FirstPerson/Maps/FirstPersonMap/1/62/Q0MQ4353JJXQPHJJJE74X5
 |- Actor Path: /Game/FirstPerson/Maps/FirstPersonMap.FirstPersonMap:PersistentLevel.TextRenderActor_1
 |- Actor Package: /Game/__ExternalActors__/FirstPerson/Maps/FirstPersonMap/1/RN/55P1SMQLAF7OK6300D5I8N
 |- Actor Path: /Game/FirstPerson/Maps/FirstPersonMap.FirstPersonMap:PersistentLevel.VolumetricCloud_0
 |- Actor Package: /Game/__ExternalActors__/FirstPerson/Maps/FirstPersonMap/0/GO/I8WEFD3RY9V3NVQLSU6QM4
 |- Actor Path: /Game/FirstPerson/Maps/FirstPersonMap.FirstPersonMap:PersistentLevel.WorldDataLayers
 |- Actor Package: /Game/__ExternalActors__/FirstPerson/Maps/FirstPersonMap/D/0W/E1FKEGVKGOLM7HGLQPCIPO
 |- Actor Path: /Game/FirstPerson/Maps/FirstPersonMap.FirstPersonMap:PersistentLevel.WorldInfo_0
 |- Actor Package: /Game/FirstPerson/Maps/FirstPersonMap
 |- Actor Path: /Game/FirstPerson/Maps/FirstPersonMap.FirstPersonMap:PersistentLevel.WorldPartitionMiniMap_0
 |- Actor Package: /Game/__ExternalActors__/FirstPerson/Maps/FirstPersonMap/4/CR/SRVPLA8UNZ8XIIP0E036DI

----------------------------------------------------------------------------------------------------------------
FirstPersonMap - Runtime Spatial Hash - Streaming Grid - MainGrid
----------------------------------------------------------------------------------------------------------------
            Origin: X=0.000 Y=0.000 Z=0.000
         Cell Size: 12800
      World Bounds: IsValid=false, Min=(X=0.000 Y=0.000 Z=0.000), Max=(X=0.000 Y=0.000 Z=0.000)
     Loading Range: 25600.00
Block Slow Loading: No
 ClientOnlyVisible: No
            Origin: X=0.000 Y=0.000 Z=0.000

[+] Grid Levels: 1
 |- Level  0: Cell Count    0 | Cell Size   12800 | Actor Count    0 (0.0%)

[+] Content of Grid Level 0

